<?xml version="1.0" encoding="UTF-8"?>
<!-- Generated by org.testng.reporters.JUnitXMLReporter -->
<testsuite hostname="Naresh" ignored="1" name="Default test" tests="2" failures="0" timestamp="2019-12-15T18:29:38 IST" time="21.788" errors="0">
  <testcase name="signIn" time="5.019" classname="ClassWorkMaven.TestNG.HRMTestNG"/>
  <testcase name="userSignOut" time="4.541" classname="ClassWorkMaven.TestNG.HRMTestNG"/>
  <testcase name="userSearch" time="0.0" classname="ClassWorkMaven.TestNG.HRMTestNG">
    <ignored/>
  </testcase> <!-- userSearch -->
</testsuite> <!-- Default test -->
