<?xml version="1.0" encoding="UTF-8"?>
<!-- Generated by org.testng.reporters.JUnitXMLReporter -->
<testsuite hostname="Naresh" ignored="5" name="smoketesting" tests="2" failures="0" timestamp="2019-12-14T16:35:02 IST" time="0.212" errors="0">
  <testcase name="sanitytesting1" time="0.04" classname="ClassWorkMaven.TestNG.Groups"/>
  <testcase name="IntegrationTesting1" time="0.005" classname="ClassWorkMaven.TestNG.Groups"/>
  <testcase name="smoketesting1" time="0.0" classname="ClassWorkMaven.TestNG.Groups">
    <ignored/>
  </testcase> <!-- smoketesting1 -->
  <testcase name="smoketesting2" time="0.0" classname="ClassWorkMaven.TestNG.Groups">
    <ignored/>
  </testcase> <!-- smoketesting2 -->
  <testcase name="smoketesting3" time="0.0" classname="ClassWorkMaven.TestNG.Groups">
    <ignored/>
  </testcase> <!-- smoketesting3 -->
  <testcase name="RegressionTesting1" time="0.0" classname="ClassWorkMaven.TestNG.Groups">
    <ignored/>
  </testcase> <!-- RegressionTesting1 -->
  <testcase name="zFunctionaltesting1" time="0.0" classname="ClassWorkMaven.TestNG.Groups">
    <ignored/>
  </testcase> <!-- zFunctionaltesting1 -->
</testsuite> <!-- smoketesting -->
